Start testing: Oct 26 12:44 CEST
----------------------------------------------------------
1/1 Testing: AddTest
1/1 Test: AddTest
Command: "/home/sbstndbs/CICD/build/test/tested/tested"
Directory: /home/sbstndbs/CICD/build/test/tested
"AddTest" start time: Oct 26 12:44 CEST
Output:
----------------------------------------------------------
Running main() from /home/sbstndbs/CICD/build/_deps/googletest-src/googletest/src/gtest_main.cc
[==========] Running 2 tests from 1 test suite.
[----------] Global test environment set-up.
[----------] 2 tests from Addtest
[ RUN      ] Addtest.PositiveNumbers
[       OK ] Addtest.PositiveNumbers (0 ms)
[ RUN      ] Addtest.Fauxnegatif
/home/sbstndbs/CICD/test/tested/tested.cpp:19: Failure
Expected equality of these values:
  4
  add_int(a,b)
    Which is: 5
[  FAILED  ] Addtest.Fauxnegatif (0 ms)
[----------] 2 tests from Addtest (0 ms total)

[----------] Global test environment tear-down
[==========] 2 tests from 1 test suite ran. (0 ms total)
[  PASSED  ] 1 test.
[  FAILED  ] 1 test, listed below:
[  FAILED  ] Addtest.Fauxnegatif

 1 FAILED TEST
<end of output>
Test time =   0.01 sec
----------------------------------------------------------
Test Failed.
"AddTest" end time: Oct 26 12:44 CEST
"AddTest" time elapsed: 00:00:00
----------------------------------------------------------

End testing: Oct 26 12:44 CEST
